# JRE version: Java(TM) SE Runtime Environment (8.0_371) (build 1.8.0_371-b11)
# Java VM: Java HotSpot(TM) 64-Bit Server VM (25.371-b11 mixed mode bsd-amd64 compressed oops)
Heap:
 PSYoungGen      total 2783232K, used 1339477K [0x0000000715580000, 0x00000007c0000000, 0x00000007c0000000)
  eden space 2770944K, 48% used [0x0000000715580000,0x0000000766bdd5c0,0x00000007be780000)
  from space 12288K, 47% used [0x00000007be780000,0x00000007bed38000,0x00000007bf380000)
  to   space 12288K, 0% used [0x00000007bf400000,0x00000007bf400000,0x00000007c0000000)
 ParOldGen       total 382976K, used 249349K [0x00000005c0000000, 0x00000005d7600000, 0x0000000715580000)
  object space 382976K, 65% used [0x00000005c0000000,0x00000005cf3817e8,0x00000005d7600000)
 Metaspace       used 37893K, capacity 38473K, committed 38656K, reserved 1083392K
  class space    used 4621K, capacity 4806K, committed 4864K, reserved 1048576K
GC Heap History (10 events):
Event: 95.650 GC heap before
{Heap before GC invocations=235 (full 4):
 PSYoungGen      total 2782720K, used 2778752K [0x0000000715580000, 0x00000007c0000000, 0x00000007c0000000)
  eden space 2769920K, 100% used [0x0000000715580000,0x00000007be680000,0x00000007be680000)
  from space 12800K, 69% used [0x00000007bf300000,0x00000007bfba00a0,0x00000007bff80000)
  to   space 12800K, 0% used [0x00000007be680000,0x00000007be680000,0x00000007bf300000)
 ParOldGen       total 382976K, used 244454K [0x00000005c0000000, 0x00000005d7600000, 0x0000000715580000)
  object space 382976K, 63% used [0x00000005c0000000,0x00000005ceeb99f8,0x00000005d7600000)
 Metaspace       used 37893K, capacity 38473K, committed 38656K, reserved 1083392K
  class space    used 4621K, capacity 4806K, committed 4864K, reserved 1048576K
Event: 95.653 GC heap after
Heap after GC invocations=235 (full 4):
 PSYoungGen      total 2782720K, used 7864K [0x0000000715580000, 0x00000007bff00000, 0x00000007c0000000)
  eden space 2769920K, 0% used [0x0000000715580000,0x0000000715580000,0x00000007be680000)
  from space 12800K, 61% used [0x00000007be680000,0x00000007bee2e0c8,0x00000007bf300000)
  to   space 12288K, 0% used [0x00000007bf300000,0x00000007bf300000,0x00000007bff00000)
 ParOldGen       total 382976K, used 245477K [0x00000005c0000000, 0x00000005d7600000, 0x0000000715580000)
  object space 382976K, 64% used [0x00000005c0000000,0x00000005cefb9748,0x00000005d7600000)
 Metaspace       used 37893K, capacity 38473K, committed 38656K, reserved 1083392K
  class space    used 4621K, capacity 4806K, committed 4864K, reserved 1048576K
}
Event: 96.027 GC heap before
{Heap before GC invocations=236 (full 4):
 PSYoungGen      total 2782720K, used 2777784K [0x0000000715580000, 0x00000007bff00000, 0x00000007c0000000)
  eden space 2769920K, 100% used [0x0000000715580000,0x00000007be680000,0x00000007be680000)
  from space 12800K, 61% used [0x00000007be680000,0x00000007bee2e0c8,0x00000007bf300000)
  to   space 12288K, 0% used [0x00000007bf300000,0x00000007bf300000,0x00000007bff00000)
 ParOldGen       total 382976K, used 245477K [0x00000005c0000000, 0x00000005d7600000, 0x0000000715580000)
  object space 382976K, 64% used [0x00000005c0000000,0x00000005cefb9748,0x00000005d7600000)
 Metaspace       used 37893K, capacity 38473K, committed 38656K, reserved 1083392K
  class space    used 4621K, capacity 4806K, committed 4864K, reserved 1048576K
Event: 96.029 GC heap after
Heap after GC invocations=236 (full 4):
 PSYoungGen      total 2782208K, used 3904K [0x0000000715580000, 0x00000007c0000000, 0x00000007c0000000)
  eden space 2769920K, 0% used [0x0000000715580000,0x0000000715580000,0x00000007be680000)
  from space 12288K, 31% used [0x00000007bf300000,0x00000007bf6d0000,0x00000007bff00000)
  to   space 12800K, 0% used [0x00000007be680000,0x00000007be680000,0x00000007bf300000)
 ParOldGen       total 382976K, used 246436K [0x00000005c0000000, 0x00000005d7600000, 0x0000000715580000)
  object space 382976K, 64% used [0x00000005c0000000,0x00000005cf0a9060,0x00000005d7600000)
 Metaspace       used 37893K, capacity 38473K, committed 38656K, reserved 1083392K
  class space    used 4621K, capacity 4806K, committed 4864K, reserved 1048576K
}
Event: 96.384 GC heap before
{Heap before GC invocations=237 (full 4):
 PSYoungGen      total 2782208K, used 2773824K [0x0000000715580000, 0x00000007c0000000, 0x00000007c0000000)
  eden space 2769920K, 100% used [0x0000000715580000,0x00000007be680000,0x00000007be680000)
  from space 12288K, 31% used [0x00000007bf300000,0x00000007bf6d0000,0x00000007bff00000)
  to   space 12800K, 0% used [0x00000007be680000,0x00000007be680000,0x00000007bf300000)
 ParOldGen       total 382976K, used 246436K [0x00000005c0000000, 0x00000005d7600000, 0x0000000715580000)
  object space 382976K, 64% used [0x00000005c0000000,0x00000005cf0a9060,0x00000005d7600000)
 Metaspace       used 37893K, capacity 38473K, committed 38656K, reserved 1083392K
  class space    used 4621K, capacity 4806K, committed 4864K, reserved 1048576K
Event: 96.387 GC heap after
Heap after GC invocations=237 (full 4):
 PSYoungGen      total 2782720K, used 7520K [0x0000000715580000, 0x00000007bff80000, 0x00000007c0000000)
  eden space 2769920K, 0% used [0x0000000715580000,0x0000000715580000,0x00000007be680000)
  from space 12800K, 58% used [0x00000007be680000,0x00000007bedd8000,0x00000007bf300000)
  to   space 12288K, 0% used [0x00000007bf380000,0x00000007bf380000,0x00000007bff80000)
 ParOldGen       total 382976K, used 247383K [0x00000005c0000000, 0x00000005d7600000, 0x0000000715580000)
  object space 382976K, 64% used [0x00000005c0000000,0x00000005cf195f58,0x00000005d7600000)
 Metaspace       used 37893K, capacity 38473K, committed 38656K, reserved 1083392K
  class space    used 4621K, capacity 4806K, committed 4864K, reserved 1048576K
}
Event: 96.733 GC heap before
{Heap before GC invocations=238 (full 4):
 PSYoungGen      total 2782720K, used 2777440K [0x0000000715580000, 0x00000007bff80000, 0x00000007c0000000)
  eden space 2769920K, 100% used [0x0000000715580000,0x00000007be680000,0x00000007be680000)
  from space 12800K, 58% used [0x00000007be680000,0x00000007bedd8000,0x00000007bf300000)
  to   space 12288K, 0% used [0x00000007bf380000,0x00000007bf380000,0x00000007bff80000)
 ParOldGen       total 382976K, used 247383K [0x00000005c0000000, 0x00000005d7600000, 0x0000000715580000)
  object space 382976K, 64% used [0x00000005c0000000,0x00000005cf195f58,0x00000005d7600000)
 Metaspace       used 37893K, capacity 38473K, committed 38656K, reserved 1083392K
  class space    used 4621K, capacity 4806K, committed 4864K, reserved 1048576K
Event: 96.736 GC heap after
Heap after GC invocations=238 (full 4):
 PSYoungGen      total 2783232K, used 8512K [0x0000000715580000, 0x00000007bff80000, 0x00000007c0000000)
  eden space 2770944K, 0% used [0x0000000715580000,0x0000000715580000,0x00000007be780000)
  from space 12288K, 69% used [0x00000007bf380000,0x00000007bfbd0000,0x00000007bff80000)
  to   space 12288K, 0% used [0x00000007be780000,0x00000007be780000,0x00000007bf380000)
 ParOldGen       total 382976K, used 248387K [0x00000005c0000000, 0x00000005d7600000, 0x0000000715580000)
  object space 382976K, 64% used [0x00000005c0000000,0x00000005cf290df0,0x00000005d7600000)
 Metaspace       used 37893K, capacity 38473K, committed 38656K, reserved 1083392K
  class space    used 4621K, capacity 4806K, committed 4864K, reserved 1048576K
}
Event: 97.096 GC heap before
{Heap before GC invocations=239 (full 4):
 PSYoungGen      total 2783232K, used 2779456K [0x0000000715580000, 0x00000007bff80000, 0x00000007c0000000)
  eden space 2770944K, 100% used [0x0000000715580000,0x00000007be780000,0x00000007be780000)
  from space 12288K, 69% used [0x00000007bf380000,0x00000007bfbd0000,0x00000007bff80000)
  to   space 12288K, 0% used [0x00000007be780000,0x00000007be780000,0x00000007bf380000)
 ParOldGen       total 382976K, used 248387K [0x00000005c0000000, 0x00000005d7600000, 0x0000000715580000)
  object space 382976K, 64% used [0x00000005c0000000,0x00000005cf290df0,0x00000005d7600000)
 Metaspace       used 37893K, capacity 38473K, committed 38656K, reserved 1083392K
  class space    used 4621K, capacity 4806K, committed 4864K, reserved 1048576K
Event: 97.098 GC heap after
Heap after GC invocations=239 (full 4):
 PSYoungGen      total 2783232K, used 5856K [0x0000000715580000, 0x00000007c0000000, 0x00000007c0000000)
  eden space 2770944K, 0% used [0x0000000715580000,0x0000000715580000,0x00000007be780000)
  from space 12288K, 47% used [0x00000007be780000,0x00000007bed38000,0x00000007bf380000)
  to   space 12288K, 0% used [0x00000007bf400000,0x00000007bf400000,0x00000007c0000000)
 ParOldGen       total 382976K, used 249349K [0x00000005c0000000, 0x00000005d7600000, 0x0000000715580000)
  object space 382976K, 65% used [0x00000005c0000000,0x00000005cf3817e8,0x00000005d7600000)
 Metaspace       used 37893K, capacity 38473K, committed 38656K, reserved 1083392K
  class space    used 4621K, capacity 4806K, committed 4864K, reserved 1048576K
}

